<?xml version="1.0" encoding="UTF-8"?>
<coverage generated="1707048269788" clover="3.2.0">
  <project timestamp="1707048269788" name="All files">
    <metrics statements="76" coveredstatements="63" conditionals="31" coveredconditionals="25" methods="18" coveredmethods="16" elements="125" coveredelements="104" complexity="0" loc="76" ncloc="76" packages="1" files="3" classes="3"/>
    <file name="gameboard.js" path="/Users/nilufersevdeozdemir/repos/Battleship/src/gameboard.js">
      <metrics statements="43" coveredstatements="39" conditionals="23" coveredconditionals="19" methods="8" coveredmethods="8"/>
      <line num="3" count="13" type="stmt"/>
      <line num="4" count="13" type="stmt"/>
      <line num="9" count="13" type="stmt"/>
      <line num="10" count="130" type="stmt"/>
      <line num="11" count="130" type="stmt"/>
      <line num="12" count="1300" type="stmt"/>
      <line num="19" count="16" type="stmt"/>
      <line num="22" count="16" type="cond" truecount="2" falsecount="0"/>
      <line num="24" count="6" type="cond" truecount="2" falsecount="0"/>
      <line num="25" count="3" type="stmt"/>
      <line num="28" count="3" type="stmt"/>
      <line num="29" count="5" type="stmt"/>
      <line num="30" count="5" type="stmt"/>
      <line num="31" count="8" type="cond" truecount="2" falsecount="0"/>
      <line num="32" count="1" type="stmt"/>
      <line num="33" count="1" type="stmt"/>
      <line num="36" count="4" type="stmt"/>
      <line num="41" count="10" type="cond" truecount="2" falsecount="0"/>
      <line num="42" count="3" type="stmt"/>
      <line num="45" count="7" type="stmt"/>
      <line num="46" count="21" type="stmt"/>
      <line num="48" count="21" type="stmt"/>
      <line num="49" count="47" type="cond" truecount="1" falsecount="1"/>
      <line num="50" count="0" type="stmt"/>
      <line num="51" count="0" type="stmt"/>
      <line num="54" count="21" type="stmt"/>
      <line num="60" count="9" type="stmt"/>
      <line num="61" count="25" type="stmt"/>
      <line num="62" count="25" type="stmt"/>
      <line num="65" count="9" type="stmt"/>
      <line num="72" count="7" type="cond" truecount="6" falsecount="1"/>
      <line num="73" count="0" type="stmt"/>
      <line num="77" count="7" type="stmt"/>
      <line num="78" count="7" type="stmt"/>
      <line num="80" count="7" type="cond" truecount="2" falsecount="0"/>
      <line num="81" count="2" type="stmt"/>
      <line num="85" count="7" type="stmt"/>
      <line num="91" count="1" type="stmt"/>
      <line num="92" count="1" type="stmt"/>
      <line num="93" count="10" type="stmt"/>
      <line num="94" count="10" type="cond" truecount="2" falsecount="2"/>
      <line num="95" count="0" type="stmt"/>
      <line num="98" count="1" type="stmt"/>
    </file>
    <file name="player.js" path="/Users/nilufersevdeozdemir/repos/Battleship/src/player.js">
      <metrics statements="23" coveredstatements="15" conditionals="6" coveredconditionals="4" methods="6" coveredmethods="5"/>
      <line num="8" count="5" type="stmt"/>
      <line num="9" count="5" type="stmt"/>
      <line num="10" count="5" type="stmt"/>
      <line num="16" count="3" type="stmt"/>
      <line num="22" count="4" type="cond" truecount="2" falsecount="0"/>
      <line num="23" count="3" type="stmt"/>
      <line num="24" count="3" type="stmt"/>
      <line num="26" count="1" type="stmt"/>
      <line num="32" count="1" type="stmt"/>
      <line num="33" count="5" type="stmt"/>
      <line num="35" count="5" type="stmt"/>
      <line num="37" count="9" type="stmt"/>
      <line num="38" count="9" type="stmt"/>
      <line num="39" count="9" type="cond" truecount="2" falsecount="0"/>
      <line num="41" count="9" type="stmt"/>
      <line num="50" count="0" type="cond" truecount="0" falsecount="2"/>
      <line num="51" count="0" type="stmt"/>
      <line num="53" count="0" type="stmt"/>
      <line num="55" count="0" type="stmt"/>
      <line num="56" count="0" type="stmt"/>
      <line num="57" count="0" type="stmt"/>
      <line num="60" count="0" type="stmt"/>
      <line num="64" count="0" type="stmt"/>
    </file>
    <file name="ship.js" path="/Users/nilufersevdeozdemir/repos/Battleship/src/ship.js">
      <metrics statements="10" coveredstatements="9" conditionals="2" coveredconditionals="2" methods="4" coveredmethods="3"/>
      <line num="4" count="34" type="stmt"/>
      <line num="5" count="34" type="stmt"/>
      <line num="6" count="34" type="stmt"/>
      <line num="7" count="34" type="stmt"/>
      <line num="11" count="12" type="stmt"/>
      <line num="15" count="2" type="cond" truecount="2" falsecount="0"/>
      <line num="16" count="1" type="stmt"/>
      <line num="18" count="1" type="stmt"/>
      <line num="20" count="1" type="stmt"/>
      <line num="24" count="0" type="stmt"/>
    </file>
  </project>
</coverage>
