<?xml version="1.0" encoding="UTF-8"?>
<coverage generated="1703412551603" clover="3.2.0">
  <project timestamp="1703412551603" name="All files">
    <metrics statements="68" coveredstatements="61" conditionals="27" coveredconditionals="25" methods="17" coveredmethods="15" elements="112" coveredelements="101" complexity="0" loc="68" ncloc="68" packages="1" files="3" classes="3"/>
    <file name="gameboard.js" path="/Users/nilufersevdeozdemir/repos/Battleship/src/gameboard.js">
      <metrics statements="43" coveredstatements="42" conditionals="23" coveredconditionals="21" methods="8" coveredmethods="8"/>
      <line num="3" count="11" type="stmt"/>
      <line num="4" count="11" type="stmt"/>
      <line num="9" count="11" type="stmt"/>
      <line num="10" count="110" type="stmt"/>
      <line num="11" count="110" type="stmt"/>
      <line num="12" count="1100" type="stmt"/>
      <line num="19" count="15" type="stmt"/>
      <line num="22" count="15" type="cond" truecount="2" falsecount="0"/>
      <line num="24" count="6" type="cond" truecount="2" falsecount="0"/>
      <line num="25" count="1" type="stmt"/>
      <line num="28" count="5" type="stmt"/>
      <line num="29" count="11" type="stmt"/>
      <line num="30" count="11" type="stmt"/>
      <line num="31" count="24" type="cond" truecount="2" falsecount="0"/>
      <line num="32" count="1" type="stmt"/>
      <line num="33" count="1" type="stmt"/>
      <line num="36" count="10" type="stmt"/>
      <line num="41" count="9" type="cond" truecount="2" falsecount="0"/>
      <line num="42" count="3" type="stmt"/>
      <line num="45" count="6" type="stmt"/>
      <line num="46" count="16" type="stmt"/>
      <line num="48" count="16" type="stmt"/>
      <line num="49" count="32" type="cond" truecount="2" falsecount="0"/>
      <line num="50" count="1" type="stmt"/>
      <line num="51" count="1" type="stmt"/>
      <line num="54" count="15" type="stmt"/>
      <line num="63" count="9" type="stmt"/>
      <line num="64" count="25" type="stmt"/>
      <line num="65" count="25" type="stmt"/>
      <line num="68" count="9" type="stmt"/>
      <line num="75" count="7" type="cond" truecount="7" falsecount="0"/>
      <line num="76" count="1" type="stmt"/>
      <line num="80" count="6" type="stmt"/>
      <line num="81" count="6" type="stmt"/>
      <line num="83" count="6" type="cond" truecount="2" falsecount="0"/>
      <line num="84" count="4" type="stmt"/>
      <line num="88" count="6" type="stmt"/>
      <line num="94" count="1" type="stmt"/>
      <line num="95" count="1" type="stmt"/>
      <line num="96" count="10" type="stmt"/>
      <line num="97" count="10" type="cond" truecount="2" falsecount="2"/>
      <line num="98" count="0" type="stmt"/>
      <line num="101" count="1" type="stmt"/>
    </file>
    <file name="player.js" path="/Users/nilufersevdeozdemir/repos/Battleship/src/player.js">
      <metrics statements="15" coveredstatements="10" conditionals="2" coveredconditionals="2" methods="5" coveredmethods="4"/>
      <line num="8" count="4" type="stmt"/>
      <line num="9" count="4" type="stmt"/>
      <line num="14" count="3" type="stmt"/>
      <line num="21" count="1" type="stmt"/>
      <line num="22" count="5" type="stmt"/>
      <line num="24" count="5" type="stmt"/>
      <line num="26" count="8" type="stmt"/>
      <line num="27" count="8" type="stmt"/>
      <line num="28" count="8" type="cond" truecount="2" falsecount="0"/>
      <line num="30" count="8" type="stmt"/>
      <line num="38" count="0" type="stmt"/>
      <line num="40" count="0" type="stmt"/>
      <line num="42" count="0" type="stmt"/>
      <line num="43" count="0" type="stmt"/>
      <line num="44" count="0" type="stmt"/>
    </file>
    <file name="ship.js" path="/Users/nilufersevdeozdemir/repos/Battleship/src/ship.js">
      <metrics statements="10" coveredstatements="9" conditionals="2" coveredconditionals="2" methods="4" coveredmethods="3"/>
      <line num="4" count="29" type="stmt"/>
      <line num="5" count="29" type="stmt"/>
      <line num="6" count="29" type="stmt"/>
      <line num="7" count="29" type="stmt"/>
      <line num="11" count="14" type="stmt"/>
      <line num="15" count="2" type="cond" truecount="2" falsecount="0"/>
      <line num="16" count="1" type="stmt"/>
      <line num="18" count="1" type="stmt"/>
      <line num="20" count="1" type="stmt"/>
      <line num="24" count="0" type="stmt"/>
    </file>
  </project>
</coverage>
