{"/Users/nilufersevdeozdemir/repos/Battleship/src/gameboard.js": {"path":"/Users/nilufersevdeozdemir/repos/Battleship/src/gameboard.js","statementMap":{"0":{"start":{"line":3,"column":12},"end":{"line":3,"column":28}},"1":{"start":{"line":4,"column":12},"end":{"line":4,"column":35}},"2":{"start":{"line":9,"column":12},"end":{"line":14,"column":13}},"3":{"start":{"line":9,"column":25},"end":{"line":9,"column":26}},"4":{"start":{"line":10,"column":14},"end":{"line":10,"column":33}},"5":{"start":{"line":11,"column":14},"end":{"line":13,"column":15}},"6":{"start":{"line":11,"column":27},"end":{"line":11,"column":28}},"7":{"start":{"line":12,"column":16},"end":{"line":12,"column":85}},"8":{"start":{"line":19,"column":24},"end":{"line":19,"column":26}},"9":{"start":{"line":22,"column":12},"end":{"line":57,"column":15}},"10":{"start":{"line":24,"column":16},"end":{"line":26,"column":17}},"11":{"start":{"line":25,"column":20},"end":{"line":25,"column":33}},"12":{"start":{"line":28,"column":16},"end":{"line":37,"column":13}},"13":{"start":{"line":28,"column":26},"end":{"line":28,"column":27}},"14":{"start":{"line":29,"column":33},"end":{"line":29,"column":51}},"15":{"start":{"line":30,"column":20},"end":{"line":30,"column":37}},"16":{"start":{"line":31,"column":20},"end":{"line":34,"column":25}},"17":{"start":{"line":31,"column":44},"end":{"line":31,"column":57}},"18":{"start":{"line":32,"column":24},"end":{"line":32,"column":45}},"19":{"start":{"line":33,"column":24},"end":{"line":33,"column":37}},"20":{"start":{"line":36,"column":20},"end":{"line":36,"column":59}},"21":{"start":{"line":41,"column":16},"end":{"line":43,"column":17}},"22":{"start":{"line":42,"column":18},"end":{"line":42,"column":31}},"23":{"start":{"line":45,"column":16},"end":{"line":56,"column":17}},"24":{"start":{"line":45,"column":29},"end":{"line":45,"column":30}},"25":{"start":{"line":46,"column":31},"end":{"line":46,"column":51}},"26":{"start":{"line":48,"column":18},"end":{"line":48,"column":35}},"27":{"start":{"line":49,"column":18},"end":{"line":52,"column":21}},"28":{"start":{"line":49,"column":42},"end":{"line":49,"column":55}},"29":{"start":{"line":50,"column":20},"end":{"line":50,"column":41}},"30":{"start":{"line":51,"column":20},"end":{"line":51,"column":33}},"31":{"start":{"line":54,"column":18},"end":{"line":54,"column":57}},"32":{"start":{"line":60,"column":12},"end":{"line":63,"column":17}},"33":{"start":{"line":61,"column":16},"end":{"line":61,"column":37}},"34":{"start":{"line":62,"column":16},"end":{"line":62,"column":33}},"35":{"start":{"line":65,"column":14},"end":{"line":65,"column":26}},"36":{"start":{"line":72,"column":12},"end":{"line":85,"column":25}},"37":{"start":{"line":73,"column":16},"end":{"line":73,"column":29}},"38":{"start":{"line":77,"column":25},"end":{"line":77,"column":41}},"39":{"start":{"line":78,"column":12},"end":{"line":78,"column":28}},"40":{"start":{"line":80,"column":12},"end":{"line":83,"column":13}},"41":{"start":{"line":81,"column":16},"end":{"line":81,"column":32}},"42":{"start":{"line":85,"column":12},"end":{"line":85,"column":24}},"43":{"start":{"line":91,"column":12},"end":{"line":99,"column":13}},"44":{"start":{"line":91,"column":22},"end":{"line":91,"column":23}},"45":{"start":{"line":92,"column":16},"end":{"line":97,"column":17}},"46":{"start":{"line":92,"column":26},"end":{"line":92,"column":27}},"47":{"start":{"line":93,"column":33},"end":{"line":93,"column":49}},"48":{"start":{"line":94,"column":20},"end":{"line":96,"column":21}},"49":{"start":{"line":95,"column":24},"end":{"line":95,"column":37}},"50":{"start":{"line":98,"column":12},"end":{"line":98,"column":24}}},"fnMap":{"0":{"name":"(anonymous_0)","decl":{"start":{"line":2,"column":8},"end":{"line":2,"column":9}},"loc":{"start":{"line":2,"column":22},"end":{"line":5,"column":11}},"line":2},"1":{"name":"(anonymous_1)","decl":{"start":{"line":8,"column":8},"end":{"line":8,"column":9}},"loc":{"start":{"line":8,"column":26},"end":{"line":15,"column":11}},"line":8},"2":{"name":"(anonymous_2)","decl":{"start":{"line":18,"column":8},"end":{"line":18,"column":9}},"loc":{"start":{"line":18,"column":40},"end":{"line":66,"column":9}},"line":18},"3":{"name":"(anonymous_3)","decl":{"start":{"line":31,"column":36},"end":{"line":31,"column":37}},"loc":{"start":{"line":31,"column":44},"end":{"line":31,"column":57}},"line":31},"4":{"name":"(anonymous_4)","decl":{"start":{"line":49,"column":34},"end":{"line":49,"column":35}},"loc":{"start":{"line":49,"column":42},"end":{"line":49,"column":55}},"line":49},"5":{"name":"(anonymous_5)","decl":{"start":{"line":60,"column":26},"end":{"line":60,"column":27}},"loc":{"start":{"line":60,"column":36},"end":{"line":63,"column":15}},"line":60},"6":{"name":"(anonymous_6)","decl":{"start":{"line":70,"column":8},"end":{"line":70,"column":9}},"loc":{"start":{"line":70,"column":27},"end":{"line":86,"column":9}},"line":70},"7":{"name":"(anonymous_7)","decl":{"start":{"line":89,"column":8},"end":{"line":89,"column":9}},"loc":{"start":{"line":89,"column":20},"end":{"line":100,"column":9}},"line":89}},"branchMap":{"0":{"loc":{"start":{"line":22,"column":12},"end":{"line":57,"column":15}},"type":"if","locations":[{"start":{"line":22,"column":12},"end":{"line":57,"column":15}},{"start":{"line":40,"column":17},"end":{"line":57,"column":15}}],"line":22},"1":{"loc":{"start":{"line":24,"column":16},"end":{"line":26,"column":17}},"type":"if","locations":[{"start":{"line":24,"column":16},"end":{"line":26,"column":17}},{"start":{},"end":{}}],"line":24},"2":{"loc":{"start":{"line":31,"column":20},"end":{"line":34,"column":25}},"type":"if","locations":[{"start":{"line":31,"column":20},"end":{"line":34,"column":25}},{"start":{},"end":{}}],"line":31},"3":{"loc":{"start":{"line":41,"column":16},"end":{"line":43,"column":17}},"type":"if","locations":[{"start":{"line":41,"column":16},"end":{"line":43,"column":17}},{"start":{},"end":{}}],"line":41},"4":{"loc":{"start":{"line":49,"column":18},"end":{"line":52,"column":21}},"type":"if","locations":[{"start":{"line":49,"column":18},"end":{"line":52,"column":21}},{"start":{},"end":{}}],"line":49},"5":{"loc":{"start":{"line":72,"column":12},"end":{"line":85,"column":25}},"type":"if","locations":[{"start":{"line":72,"column":12},"end":{"line":85,"column":25}},{"start":{"line":76,"column":17},"end":{"line":85,"column":25}}],"line":72},"6":{"loc":{"start":{"line":72,"column":16},"end":{"line":72,"column":76}},"type":"binary-expr","locations":[{"start":{"line":72,"column":16},"end":{"line":72,"column":21}},{"start":{"line":72,"column":25},"end":{"line":72,"column":32}},{"start":{"line":72,"column":36},"end":{"line":72,"column":41}},{"start":{"line":72,"column":45},"end":{"line":72,"column":52}},{"start":{"line":72,"column":56},"end":{"line":72,"column":76}}],"line":72},"7":{"loc":{"start":{"line":80,"column":12},"end":{"line":83,"column":13}},"type":"if","locations":[{"start":{"line":80,"column":12},"end":{"line":83,"column":13}},{"start":{},"end":{}}],"line":80},"8":{"loc":{"start":{"line":94,"column":20},"end":{"line":96,"column":21}},"type":"if","locations":[{"start":{"line":94,"column":20},"end":{"line":96,"column":21}},{"start":{},"end":{}}],"line":94},"9":{"loc":{"start":{"line":94,"column":24},"end":{"line":94,"column":66}},"type":"binary-expr","locations":[{"start":{"line":94,"column":24},"end":{"line":94,"column":45}},{"start":{"line":94,"column":49},"end":{"line":94,"column":66}}],"line":94}},"s":{"0":13,"1":13,"2":13,"3":13,"4":130,"5":130,"6":130,"7":1300,"8":16,"9":16,"10":6,"11":3,"12":3,"13":3,"14":5,"15":5,"16":5,"17":8,"18":1,"19":1,"20":4,"21":10,"22":3,"23":7,"24":7,"25":21,"26":21,"27":21,"28":47,"29":0,"30":0,"31":21,"32":9,"33":25,"34":25,"35":9,"36":7,"37":0,"38":7,"39":7,"40":7,"41":2,"42":7,"43":1,"44":1,"45":1,"46":1,"47":10,"48":10,"49":0,"50":1},"f":{"0":13,"1":13,"2":16,"3":8,"4":47,"5":25,"6":7,"7":1},"b":{"0":[6,10],"1":[3,3],"2":[1,4],"3":[3,7],"4":[0,21],"5":[0,7],"6":[7,7,7,7,7],"7":[2,5],"8":[0,10],"9":[10,0]},"_coverageSchema":"1a1c01bbd47fc00a2c39e90264f33305004495a9","hash":"3efdd2a4b7bde653500ea6ce00ee50f8eba744ac"}
,"/Users/nilufersevdeozdemir/repos/Battleship/src/player.js": {"path":"/Users/nilufersevdeozdemir/repos/Battleship/src/player.js","statementMap":{"0":{"start":{"line":8,"column":4},"end":{"line":8,"column":37}},"1":{"start":{"line":9,"column":4},"end":{"line":9,"column":83}},"2":{"start":{"line":10,"column":4},"end":{"line":10,"column":29}},"3":{"start":{"line":16,"column":8},"end":{"line":16,"column":47}},"4":{"start":{"line":22,"column":8},"end":{"line":26,"column":26}},"5":{"start":{"line":23,"column":8},"end":{"line":23,"column":26}},"6":{"start":{"line":24,"column":8},"end":{"line":24,"column":46}},"7":{"start":{"line":26,"column":13},"end":{"line":26,"column":26}},"8":{"start":{"line":32,"column":8},"end":{"line":45,"column":10}},"9":{"start":{"line":33,"column":25},"end":{"line":33,"column":30}},"10":{"start":{"line":35,"column":12},"end":{"line":43,"column":9}},"11":{"start":{"line":37,"column":22},"end":{"line":37,"column":50}},"12":{"start":{"line":38,"column":22},"end":{"line":38,"column":50}},"13":{"start":{"line":39,"column":30},"end":{"line":39,"column":77}},"14":{"start":{"line":41,"column":12},"end":{"line":41,"column":69}},"15":{"start":{"line":50,"column":8},"end":{"line":65,"column":9}},"16":{"start":{"line":51,"column":25},"end":{"line":51,"column":30}},"17":{"start":{"line":53,"column":8},"end":{"line":58,"column":9}},"18":{"start":{"line":55,"column":22},"end":{"line":55,"column":50}},"19":{"start":{"line":56,"column":22},"end":{"line":56,"column":50}},"20":{"start":{"line":57,"column":12},"end":{"line":57,"column":54}},"21":{"start":{"line":60,"column":8},"end":{"line":60,"column":26}},"22":{"start":{"line":64,"column":12},"end":{"line":64,"column":25}}},"fnMap":{"0":{"name":"(anonymous_0)","decl":{"start":{"line":6,"column":4},"end":{"line":6,"column":5}},"loc":{"start":{"line":6,"column":17},"end":{"line":12,"column":5}},"line":6},"1":{"name":"(anonymous_1)","decl":{"start":{"line":14,"column":4},"end":{"line":14,"column":5}},"loc":{"start":{"line":14,"column":16},"end":{"line":18,"column":5}},"line":14},"2":{"name":"(anonymous_2)","decl":{"start":{"line":20,"column":4},"end":{"line":20,"column":5}},"loc":{"start":{"line":20,"column":28},"end":{"line":28,"column":5}},"line":20},"3":{"name":"(anonymous_3)","decl":{"start":{"line":30,"column":4},"end":{"line":30,"column":5}},"loc":{"start":{"line":30,"column":21},"end":{"line":46,"column":5}},"line":30},"4":{"name":"(anonymous_4)","decl":{"start":{"line":32,"column":27},"end":{"line":32,"column":28}},"loc":{"start":{"line":32,"column":37},"end":{"line":45,"column":9}},"line":32},"5":{"name":"(anonymous_5)","decl":{"start":{"line":48,"column":4},"end":{"line":48,"column":5}},"loc":{"start":{"line":48,"column":28},"end":{"line":66,"column":5}},"line":48}},"branchMap":{"0":{"loc":{"start":{"line":22,"column":8},"end":{"line":26,"column":26}},"type":"if","locations":[{"start":{"line":22,"column":8},"end":{"line":26,"column":26}},{"start":{"line":26,"column":13},"end":{"line":26,"column":26}}],"line":22},"1":{"loc":{"start":{"line":39,"column":30},"end":{"line":39,"column":77}},"type":"cond-expr","locations":[{"start":{"line":39,"column":52},"end":{"line":39,"column":64}},{"start":{"line":39,"column":67},"end":{"line":39,"column":77}}],"line":39},"2":{"loc":{"start":{"line":50,"column":8},"end":{"line":65,"column":9}},"type":"if","locations":[{"start":{"line":50,"column":8},"end":{"line":65,"column":9}},{"start":{"line":63,"column":13},"end":{"line":65,"column":9}}],"line":50}},"s":{"0":5,"1":5,"2":5,"3":3,"4":4,"5":3,"6":3,"7":1,"8":1,"9":5,"10":5,"11":9,"12":9,"13":9,"14":9,"15":0,"16":0,"17":0,"18":0,"19":0,"20":0,"21":0,"22":0},"f":{"0":5,"1":3,"2":4,"3":1,"4":5,"5":0},"b":{"0":[3,1],"1":[2,7],"2":[0,0]},"_coverageSchema":"1a1c01bbd47fc00a2c39e90264f33305004495a9","hash":"aea08147f8e025aab9a4b8538d734d5429837481"}
,"/Users/nilufersevdeozdemir/repos/Battleship/src/ship.js": {"path":"/Users/nilufersevdeozdemir/repos/Battleship/src/ship.js","statementMap":{"0":{"start":{"line":4,"column":8},"end":{"line":4,"column":29}},"1":{"start":{"line":5,"column":8},"end":{"line":5,"column":22}},"2":{"start":{"line":6,"column":8},"end":{"line":6,"column":26}},"3":{"start":{"line":7,"column":8},"end":{"line":7,"column":30}},"4":{"start":{"line":11,"column":8},"end":{"line":11,"column":20}},"5":{"start":{"line":15,"column":8},"end":{"line":19,"column":9}},"6":{"start":{"line":16,"column":10},"end":{"line":16,"column":27}},"7":{"start":{"line":18,"column":10},"end":{"line":18,"column":22}},"8":{"start":{"line":20,"column":8},"end":{"line":20,"column":21}},"9":{"start":{"line":24,"column":8},"end":{"line":24,"column":27}}},"fnMap":{"0":{"name":"(anonymous_0)","decl":{"start":{"line":3,"column":4},"end":{"line":3,"column":5}},"loc":{"start":{"line":3,"column":24},"end":{"line":8,"column":5}},"line":3},"1":{"name":"(anonymous_1)","decl":{"start":{"line":10,"column":4},"end":{"line":10,"column":5}},"loc":{"start":{"line":10,"column":10},"end":{"line":12,"column":5}},"line":10},"2":{"name":"(anonymous_2)","decl":{"start":{"line":14,"column":4},"end":{"line":14,"column":5}},"loc":{"start":{"line":14,"column":13},"end":{"line":21,"column":7}},"line":14},"3":{"name":"(anonymous_3)","decl":{"start":{"line":23,"column":4},"end":{"line":23,"column":5}},"loc":{"start":{"line":23,"column":20},"end":{"line":25,"column":5}},"line":23}},"branchMap":{"0":{"loc":{"start":{"line":15,"column":8},"end":{"line":19,"column":9}},"type":"if","locations":[{"start":{"line":15,"column":8},"end":{"line":19,"column":9}},{"start":{},"end":{}}],"line":15}},"s":{"0":34,"1":34,"2":34,"3":34,"4":12,"5":2,"6":1,"7":1,"8":1,"9":0},"f":{"0":34,"1":12,"2":2,"3":0},"b":{"0":[1,1]},"_coverageSchema":"1a1c01bbd47fc00a2c39e90264f33305004495a9","hash":"3aaa86848c4ed5d464bce6f3d5a64a0ca077e536"}
}
