{"/Users/nilufersevdeozdemir/repos/Battleship/src/ship.js": {"path":"/Users/nilufersevdeozdemir/repos/Battleship/src/ship.js","statementMap":{"0":{"start":{"line":4,"column":8},"end":{"line":4,"column":29}},"1":{"start":{"line":5,"column":8},"end":{"line":5,"column":22}},"2":{"start":{"line":6,"column":8},"end":{"line":6,"column":26}},"3":{"start":{"line":10,"column":8},"end":{"line":10,"column":20}},"4":{"start":{"line":14,"column":8},"end":{"line":18,"column":9}},"5":{"start":{"line":15,"column":10},"end":{"line":15,"column":27}},"6":{"start":{"line":17,"column":10},"end":{"line":17,"column":22}},"7":{"start":{"line":19,"column":8},"end":{"line":19,"column":33}},"8":{"start":{"line":20,"column":8},"end":{"line":20,"column":30}},"9":{"start":{"line":21,"column":8},"end":{"line":21,"column":21}},"10":{"start":{"line":25,"column":8},"end":{"line":25,"column":27}}},"fnMap":{"0":{"name":"(anonymous_0)","decl":{"start":{"line":3,"column":4},"end":{"line":3,"column":5}},"loc":{"start":{"line":3,"column":24},"end":{"line":7,"column":5}},"line":3},"1":{"name":"(anonymous_1)","decl":{"start":{"line":9,"column":4},"end":{"line":9,"column":5}},"loc":{"start":{"line":9,"column":10},"end":{"line":11,"column":5}},"line":9},"2":{"name":"(anonymous_2)","decl":{"start":{"line":13,"column":4},"end":{"line":13,"column":5}},"loc":{"start":{"line":13,"column":13},"end":{"line":22,"column":7}},"line":13},"3":{"name":"(anonymous_3)","decl":{"start":{"line":24,"column":6},"end":{"line":24,"column":7}},"loc":{"start":{"line":24,"column":22},"end":{"line":26,"column":5}},"line":24}},"branchMap":{"0":{"loc":{"start":{"line":14,"column":8},"end":{"line":18,"column":9}},"type":"if","locations":[{"start":{"line":14,"column":8},"end":{"line":18,"column":9}},{"start":{},"end":{}}],"line":14}},"s":{"0":4,"1":4,"2":4,"3":10,"4":2,"5":1,"6":1,"7":1,"8":1,"9":1,"10":0},"f":{"0":4,"1":10,"2":2,"3":0},"b":{"0":[1,1]},"_coverageSchema":"1a1c01bbd47fc00a2c39e90264f33305004495a9","hash":"a4de906953aaa495d7ec2c71f5d040f936bec87c"}
}
