TN:
SF:src/gameboard.js
FN:2,(anonymous_0)
FN:8,(anonymous_1)
FN:18,(anonymous_2)
FN:31,(anonymous_3)
FN:49,(anonymous_4)
FN:63,(anonymous_5)
FN:73,(anonymous_6)
FN:92,(anonymous_7)
FNF:8
FNH:8
FNDA:11,(anonymous_0)
FNDA:11,(anonymous_1)
FNDA:15,(anonymous_2)
FNDA:24,(anonymous_3)
FNDA:32,(anonymous_4)
FNDA:25,(anonymous_5)
FNDA:7,(anonymous_6)
FNDA:1,(anonymous_7)
DA:3,11
DA:4,11
DA:9,11
DA:10,110
DA:11,110
DA:12,1100
DA:19,15
DA:22,15
DA:24,6
DA:25,1
DA:28,5
DA:29,11
DA:30,11
DA:31,24
DA:32,1
DA:33,1
DA:36,10
DA:41,9
DA:42,3
DA:45,6
DA:46,16
DA:48,16
DA:49,32
DA:50,1
DA:51,1
DA:54,15
DA:63,9
DA:64,25
DA:65,25
DA:68,9
DA:75,7
DA:76,1
DA:80,6
DA:81,6
DA:83,6
DA:84,4
DA:88,6
DA:94,1
DA:95,1
DA:96,10
DA:97,10
DA:98,0
DA:101,1
LF:43
LH:42
BRDA:22,0,0,6
BRDA:22,0,1,9
BRDA:24,1,0,1
BRDA:24,1,1,5
BRDA:31,2,0,1
BRDA:31,2,1,10
BRDA:41,3,0,3
BRDA:41,3,1,6
BRDA:49,4,0,1
BRDA:49,4,1,15
BRDA:75,5,0,1
BRDA:75,5,1,6
BRDA:75,6,0,7
BRDA:75,6,1,7
BRDA:75,6,2,7
BRDA:75,6,3,7
BRDA:75,6,4,7
BRDA:83,7,0,4
BRDA:83,7,1,2
BRDA:97,8,0,0
BRDA:97,8,1,10
BRDA:97,9,0,10
BRDA:97,9,1,0
BRF:23
BRH:21
end_of_record
TN:
SF:src/player.js
FN:6,(anonymous_0)
FN:13,(anonymous_1)
FN:19,(anonymous_2)
FN:21,(anonymous_3)
FN:37,(anonymous_4)
FNF:5
FNH:4
FNDA:4,(anonymous_0)
FNDA:3,(anonymous_1)
FNDA:1,(anonymous_2)
FNDA:5,(anonymous_3)
FNDA:0,(anonymous_4)
DA:8,4
DA:9,4
DA:14,3
DA:21,1
DA:22,5
DA:24,5
DA:26,8
DA:27,8
DA:28,8
DA:30,8
DA:38,0
DA:40,0
DA:42,0
DA:43,0
DA:44,0
LF:15
LH:10
BRDA:28,0,0,2
BRDA:28,0,1,6
BRF:2
BRH:2
end_of_record
TN:
SF:src/ship.js
FN:3,(anonymous_0)
FN:10,(anonymous_1)
FN:14,(anonymous_2)
FN:23,(anonymous_3)
FNF:4
FNH:3
FNDA:29,(anonymous_0)
FNDA:14,(anonymous_1)
FNDA:2,(anonymous_2)
FNDA:0,(anonymous_3)
DA:4,29
DA:5,29
DA:6,29
DA:7,29
DA:11,14
DA:15,2
DA:16,1
DA:18,1
DA:20,1
DA:24,0
LF:10
LH:9
BRDA:15,0,0,1
BRDA:15,0,1,1
BRF:2
BRH:2
end_of_record
