TN:
SF:src/gameboard.js
FN:2,(anonymous_0)
FN:8,(anonymous_1)
FN:18,(anonymous_2)
FN:31,(anonymous_3)
FN:49,(anonymous_4)
FN:60,(anonymous_5)
FN:70,(anonymous_6)
FN:89,(anonymous_7)
FNF:8
FNH:8
FNDA:13,(anonymous_0)
FNDA:13,(anonymous_1)
FNDA:16,(anonymous_2)
FNDA:8,(anonymous_3)
FNDA:47,(anonymous_4)
FNDA:25,(anonymous_5)
FNDA:7,(anonymous_6)
FNDA:1,(anonymous_7)
DA:3,13
DA:4,13
DA:9,13
DA:10,130
DA:11,130
DA:12,1300
DA:19,16
DA:22,16
DA:24,6
DA:25,3
DA:28,3
DA:29,5
DA:30,5
DA:31,8
DA:32,1
DA:33,1
DA:36,4
DA:41,10
DA:42,3
DA:45,7
DA:46,21
DA:48,21
DA:49,47
DA:50,0
DA:51,0
DA:54,21
DA:60,9
DA:61,25
DA:62,25
DA:65,9
DA:72,7
DA:73,0
DA:77,7
DA:78,7
DA:80,7
DA:81,2
DA:85,7
DA:91,1
DA:92,1
DA:93,10
DA:94,10
DA:95,0
DA:98,1
LF:43
LH:39
BRDA:22,0,0,6
BRDA:22,0,1,10
BRDA:24,1,0,3
BRDA:24,1,1,3
BRDA:31,2,0,1
BRDA:31,2,1,4
BRDA:41,3,0,3
BRDA:41,3,1,7
BRDA:49,4,0,0
BRDA:49,4,1,21
BRDA:72,5,0,0
BRDA:72,5,1,7
BRDA:72,6,0,7
BRDA:72,6,1,7
BRDA:72,6,2,7
BRDA:72,6,3,7
BRDA:72,6,4,7
BRDA:80,7,0,2
BRDA:80,7,1,5
BRDA:94,8,0,0
BRDA:94,8,1,10
BRDA:94,9,0,10
BRDA:94,9,1,0
BRF:23
BRH:19
end_of_record
TN:
SF:src/player.js
FN:6,(anonymous_0)
FN:14,(anonymous_1)
FN:20,(anonymous_2)
FN:30,(anonymous_3)
FN:32,(anonymous_4)
FN:48,(anonymous_5)
FNF:6
FNH:5
FNDA:5,(anonymous_0)
FNDA:3,(anonymous_1)
FNDA:4,(anonymous_2)
FNDA:1,(anonymous_3)
FNDA:5,(anonymous_4)
FNDA:0,(anonymous_5)
DA:8,5
DA:9,5
DA:10,5
DA:16,3
DA:22,4
DA:23,3
DA:24,3
DA:26,1
DA:32,1
DA:33,5
DA:35,5
DA:37,9
DA:38,9
DA:39,9
DA:41,9
DA:50,0
DA:51,0
DA:53,0
DA:55,0
DA:56,0
DA:57,0
DA:60,0
DA:64,0
LF:23
LH:15
BRDA:22,0,0,3
BRDA:22,0,1,1
BRDA:39,1,0,2
BRDA:39,1,1,7
BRDA:50,2,0,0
BRDA:50,2,1,0
BRF:6
BRH:4
end_of_record
TN:
SF:src/ship.js
FN:3,(anonymous_0)
FN:10,(anonymous_1)
FN:14,(anonymous_2)
FN:23,(anonymous_3)
FNF:4
FNH:3
FNDA:34,(anonymous_0)
FNDA:12,(anonymous_1)
FNDA:2,(anonymous_2)
FNDA:0,(anonymous_3)
DA:4,34
DA:5,34
DA:6,34
DA:7,34
DA:11,12
DA:15,2
DA:16,1
DA:18,1
DA:20,1
DA:24,0
LF:10
LH:9
BRDA:15,0,0,1
BRDA:15,0,1,1
BRF:2
BRH:2
end_of_record
